0 verbose cli /usr/bin/node /usr/bin/npm
1 info using npm@10.8.2
2 info using node@v20.19.5
3 silly config load:file:/usr/lib/node_modules/npm/npmrc
4 silly config load:file:/root/Frontend/.npmrc
5 silly config load:file:/root/.npmrc
6 silly config load:file:/usr/etc/npmrc
7 verbose title npm init
8 verbose argv "init" "--yes"
9 verbose logfile logs-max:10 dir:/root/.npm/_logs/2025-11-24T08_59_55_405Z-
10 verbose logfile /root/.npm/_logs/2025-11-24T08_59_55_405Z-debug-0.log
11 silly logfile done cleaning log files
12 silly package data {
12 silly package data   name: 'frontend',
12 silly package data   version: '1.0.0',
12 silly package data   main: 'index.js',
12 silly package data   scripts: { test: 'echo "Error: no test specified" && exit 1' },
12 silly package data   keywords: [],
12 silly package data   author: '',
12 silly package data   license: 'ISC',
12 silly package data   dependencies: { express: '^5.1.0' },
12 silly package data   devDependencies: {},
12 silly package data   description: '',
12 silly package data   [Symbol(newline)]: '\n',
12 silly package data   [Symbol(indent)]: '  '
12 silly package data }
13 verbose cwd /root/Frontend
14 verbose os Linux 6.8.0-1040-aws
15 verbose node v20.19.5
16 verbose npm  v10.8.2
17 verbose exit 0
18 info ok
